<?xml version="1.0" encoding="UTF-8" ?>
<testsuite failures="0" time="0" errors="0" skipped="0" tests="2" name="br.com.caletti.cnaber.tests.negocio.pagamentos.transacao.TEDLoteTest">
  <properties>
[...]
</properties>
  <testcase time="0" classname="br.com.caletti.cnaber.tests.negocio.pagamentos.transacao.TEDLoteTest" name="gerarEstruturaLoteCnab240Test"/>
  <testcase time="0" classname="br.com.caletti.cnaber.tests.negocio.pagamentos.transacao.TEDLoteTest" name="adicionarTransacaoTest"/>
</testsuite>